Record POST = 
Record POST = 
Record POST = 
Record POST = 
Record POST = 
Record POST = 
Record POST = 
Record POST = 
Record POST = 
Record POST = 
Record POST = 
Record POST = 
Record POST = 1
Record POST = 1
Record POST = 1
Record POST = 1
Record POST = 1
Record POST = 1
Record POST = 1
Record POST = 1
Record POST = 1
Record POST = 1
Record POST = 1
Record POST = 1
Record POST = 1
Record POST = 1
Record POST = 1
Record POST = 1
Record POST = 1
Record POST = 1
Record POST = 1
Record POST = 1
Record POST = 1
Record POST = 1
Record POST = 1
Record POST = 1
Record POST = 1
Record POST = 1
Record POST = 1
Record POST = 1
Record POST = 1
Record POST = 1
Record POST = 1
Record POST = 1
Record POST = 1
Record POST = 1
Record POST = 1
Record POST = 1
Record POST = 1
Record POST = 1
Record POST = 1
Record POST = 
Record POST = 
Record POST = 
Record POST = 
Record POST = 
Record POST = 
Record POST = 
Record POST = 
Record POST = 
Record POST = 
Record POST = 
Record POST = 
Record POST = 
Record POST = 
Record POST = 
Record POST = 
Record POST = 
Record POST = 
Record POST = 
Record POST = 
Record POST = 
Record POST = 
Record POST = 
Record POST = 
Record POST = 
Record POST = 
Record POST = 0
Record POST = 0
Record POST = 0
Record POST = 
Record POST = 
Record POST = 
Record POST = 
Record POST = 
Record POST = 
Record POST = 
Record POST = 
Record POST = 
Record POST = 
Record POST = 
Record POST = 
Record POST = 
Record POST = 
Record POST = 
Record POST = 
Record POST = 
Record POST = 
Record POST = 
Record POST = 
Record POST = 
Record POST = 
Record POST = 
Record POST = 
Record POST = 
Record POST = 
Record POST = 
Record POST = 2
Record POST = 2
Record POST = 2
Record POST = 2
Record POST = 2
Record POST = 
Record POST = 
Record POST = 
Record POST = 
Record POST = 
Record POST = 
Record POST = 
Record POST = 
Record POST = 
Record POST = 
Record POST = 
Record POST = 
Record POST = 
Record POST = 
Record POST = 
Record POST = 
Record POST = 
Record POST = 
Record POST = 
Record POST = 
Record POST = 
Record POST = 
Record POST = 
Record POST = 
Record POST = 
Record POST = 
Record POST = 
Record POST = 
Record POST = 
Record POST = 
Record POST = 
Record POST = 
Record POST = 
Record POST = 
Record POST = 
Record POST = 
Record POST = 
Record POST = 
Record POST = 
Record POST = 
Record POST = 
Record POST = 
Record POST = 
Record POST = 
Record POST = 
NO Record
Record POST = 
NO Record
Record POST = 
NO Record
Record POST = 
NO Record
Record POST = 
NO Record
Record POST = 
NO Record
Record POST = 
NO Record
Record POST = 
NO Record
Record POST = 
NO Record
NO Record
Record GET  = 
Record GET  = 
NO Record
Record GET  = 
Record GET  = 
Record GET  = 
Record GET  = 
NO Record
Record GET  = 
Record GET  = 
Record POST = 
Record GET  = 1
Record POST = 
Record GET  = 1
NO Record
Record GET  = 1
Record GET  = 1
Record GET  = 1
NO Record
Record GET  = 1
Record GET  = 1
Record GET  = 1
Record GET  = 1
NO Record
Record GET  = 1
Record GET  = 1
NO Record
